2023-04-27 12:29:06,925 - root - INFO-16- Define the Customexception class using predefind class Exception.
2023-04-27 12:29:08,875 - root - INFO-16- define the preprocessor path
2023-04-27 12:29:08,875 - root - INFO-15- give the row data,train and test path to store the data.
2023-04-27 12:29:08,947 - mysql.connector - INFO-66- package: mysql.connector.plugins
2023-04-27 12:29:08,947 - mysql.connector - INFO-67- plugin_name: caching_sha2_password
2023-04-27 12:29:08,949 - mysql.connector - INFO-71- AUTHENTICATION_PLUGIN_CLASS: MySQLCachingSHA2PasswordAuthPlugin
2023-04-27 12:29:08,952 - root - INFO-28- set the connection with the mysql for read the data
2023-04-27 12:29:08,952 - root - INFO-30- select the column which we need for the dataset: select online_order,book_table,rate,votes,rest_type,cost,type,city from zomato.zomato_5k;
2023-04-27 12:29:09,035 - root - INFO-34- read the data
2023-04-27 12:29:09,036 - root - INFO-36- split the data into train and test
2023-04-27 12:29:09,037 - root - INFO-39- Created the Artifacts folder for the save the train and test data
2023-04-27 12:29:09,074 - root - INFO-43- train test and row data has been saved in artifacts folder
2023-04-27 12:29:09,109 - root - INFO-27- define the  numeric and categorical features
2023-04-27 12:29:09,109 - root - INFO-38- Define the numeric and categorical pipelines
2023-04-27 12:29:09,109 - root - INFO-44- define the preprocessor
2023-04-27 12:29:09,109 - root - INFO-62- fetch the prerocessor Successfully.
2023-04-27 12:29:09,129 - root - INFO-10- ColumnTransformer(transformers=[('num_features',
                                 Pipeline(steps=[('imputing', SimpleImputer()),
                                                 ('Scaling',
                                                  StandardScaler())]),
                                 ['votes', 'cost']),
                                ('cat_features',
                                 Pipeline(steps=[('Imputing',
                                                  SimpleImputer(strategy='most_frequent')),
                                                 ('Encoding',
                                                  OneHotEncoder())]),
                                 ['online_order', 'book_table', 'rest_type',
                                  'type', 'city'])]) will the save the object in Artifacts\Preprocessor.pkl path..
2023-04-27 12:29:09,132 - root - INFO-65- save the object successfully
