2023-04-27 14:12:11,498 - root - INFO-16- Define the Customexception class using predefind class Exception.
2023-04-27 14:12:13,355 - root - INFO-17- define the preprocessor path
2023-04-27 14:12:13,427 - root - INFO-16- give the row data,train and test path to store the data.
2023-04-27 14:12:13,471 - mysql.connector - INFO-66- package: mysql.connector.plugins
2023-04-27 14:12:13,471 - mysql.connector - INFO-67- plugin_name: caching_sha2_password
2023-04-27 14:12:13,472 - mysql.connector - INFO-71- AUTHENTICATION_PLUGIN_CLASS: MySQLCachingSHA2PasswordAuthPlugin
2023-04-27 14:12:13,475 - root - INFO-29- set the connection with the mysql for read the data
2023-04-27 14:12:13,475 - root - INFO-31- select the column which we need for the dataset: select online_order,book_table,rate,votes,rest_type,cost,type,city from zomato.zomato_5k;
2023-04-27 14:12:13,556 - root - INFO-35- read the data
2023-04-27 14:12:13,557 - root - INFO-37- split the data into train and test
2023-04-27 14:12:13,558 - root - INFO-40- Created the Artifacts folder for the save the train and test data
2023-04-27 14:12:13,592 - root - INFO-44- train test and row data has been saved in artifacts folder
2023-04-27 14:12:13,621 - root - INFO-28- define the  numeric and categorical features
2023-04-27 14:12:13,622 - root - INFO-39- Define the numeric and categorical pipelines
2023-04-27 14:12:13,622 - root - INFO-45- define the preprocessor
2023-04-27 14:12:13,622 - root - INFO-63- fetch the prerocessor Successfully.
2023-04-27 14:12:13,642 - root - INFO-12- ColumnTransformer(transformers=[('num_features',
                                 Pipeline(steps=[('imputing', SimpleImputer()),
                                                 ('Scaling',
                                                  StandardScaler())]),
                                 ['votes', 'cost']),
                                ('cat_features',
                                 Pipeline(steps=[('Imputing',
                                                  SimpleImputer(strategy='most_frequent')),
                                                 ('Encoding',
                                                  OneHotEncoder())]),
                                 ['online_order', 'book_table', 'rest_type',
                                  'type', 'city'])]) will the save the object in Artifacts\Preprocessor.pkl path..
2023-04-27 14:12:13,644 - root - INFO-66- save the object successfully
2023-04-27 14:12:13,656 - root - INFO-23- define the model saving path
2023-04-27 14:12:13,657 - root - INFO-31- Define the training and testing array for x and y
2023-04-27 14:12:13,657 - root - INFO-37- Models Are defined Successfully.
2023-04-27 14:12:14,203 - root - INFO-40- Score report has been recieved which has the score and model respectivly : {'RandomForestClassifier': 0.7984848484848485, 'DecisionTreeClassifier': 0.8303030303030303, 'KNeighborsClassifier': 0.6371212121212121, 'LogisticRegression': 0.5863636363636363}
