2023-04-27 12:25:08,579 - root - INFO-16- Define the Customexception class using predefind class Exception.
2023-04-27 12:25:10,495 - root - INFO-16- define the preprocessor path
2023-04-27 12:25:10,495 - root - INFO-27- define the  numeric and categorical features
2023-04-27 12:25:10,496 - root - INFO-38- Define the numeric and categorical pipelines
2023-04-27 12:25:10,496 - root - INFO-44- define the preprocessor
2023-04-27 12:25:10,512 - root - INFO-27- define the  numeric and categorical features
2023-04-27 12:25:10,512 - root - INFO-38- Define the numeric and categorical pipelines
2023-04-27 12:25:10,512 - root - INFO-44- define the preprocessor
2023-04-27 12:25:10,512 - root - INFO-62- fetch the prerocessor Successfully.
2023-04-27 12:25:10,532 - root - INFO-10- ColumnTransformer(transformers=[('num_features',
                                 Pipeline(steps=[('imputing', SimpleImputer()),
                                                 ('Scaling',
                                                  StandardScaler())]),
                                 ['votes', 'cost']),
                                ('cat_features',
                                 Pipeline(steps=[('Imputing',
                                                  SimpleImputer(strategy='most_frequent')),
                                                 ('Encoding',
                                                  OneHotEncoder())]),
                                 ['online_order', 'book_table', 'rest_type',
                                  'type', 'city'])]) will the save the object in Artifacts\Preprocessor.pkl path..
2023-04-27 12:25:10,535 - root - INFO-65- save the object successfully
