2023-04-27 14:33:41,586 - root - INFO-16- Define the Customexception class using predefind class Exception.
2023-04-27 14:33:43,461 - root - INFO-17- define the preprocessor path
2023-04-27 14:33:43,541 - root - INFO-16- give the row data,train and test path to store the data.
2023-04-27 14:33:43,586 - mysql.connector - INFO-66- package: mysql.connector.plugins
2023-04-27 14:33:43,587 - mysql.connector - INFO-67- plugin_name: caching_sha2_password
2023-04-27 14:33:43,588 - mysql.connector - INFO-71- AUTHENTICATION_PLUGIN_CLASS: MySQLCachingSHA2PasswordAuthPlugin
2023-04-27 14:33:43,590 - root - INFO-29- set the connection with the mysql for read the data
2023-04-27 14:33:43,591 - root - INFO-31- select the column which we need for the dataset: select online_order,book_table,rate,votes,rest_type,cost,type,city from zomato.zomato_5k;
2023-04-27 14:33:43,669 - root - INFO-35- read the data
2023-04-27 14:33:43,671 - root - INFO-37- split the data into train and test
2023-04-27 14:33:43,671 - root - INFO-40- Created the Artifacts folder for the save the train and test data
2023-04-27 14:33:43,708 - root - INFO-44- train test and row data has been saved in artifacts folder
2023-04-27 14:33:43,736 - root - INFO-28- define the  numeric and categorical features
2023-04-27 14:33:43,736 - root - INFO-39- Define the numeric and categorical pipelines
2023-04-27 14:33:43,736 - root - INFO-45- define the preprocessor
2023-04-27 14:33:43,736 - root - INFO-63- fetch the prerocessor Successfully.
2023-04-27 14:33:43,756 - root - INFO-12- ColumnTransformer(transformers=[('num_features',
                                 Pipeline(steps=[('imputing', SimpleImputer()),
                                                 ('Scaling',
                                                  StandardScaler())]),
                                 ['votes', 'cost']),
                                ('cat_features',
                                 Pipeline(steps=[('Imputing',
                                                  SimpleImputer(strategy='most_frequent')),
                                                 ('Encoding',
                                                  OneHotEncoder())]),
                                 ['online_order', 'book_table', 'rest_type',
                                  'type', 'city'])]) will the save the object in Artifacts\Preprocessor.pkl path..
2023-04-27 14:33:43,758 - root - INFO-66- save the object successfully
2023-04-27 14:33:43,770 - root - INFO-23- define the model saving path
2023-04-27 14:33:43,771 - root - INFO-31- Define the training and testing array for x and y
2023-04-27 14:33:43,771 - root - INFO-37- Models Are defined Successfully.
2023-04-27 14:34:07,492 - root - INFO-63- Best model has been found and best model is RandomForestClassifier with test accuracy of 0.7901515151515152
2023-04-27 14:34:07,496 - root - INFO-12- RandomForestClassifier(n_estimators=256) will the save the object in Artifacts\model.pkl path..
2023-04-27 14:34:07,649 - root - INFO-66- model has been save successfully
